{"DT": "2020-06-11 13:12:45.728226", "USER": "AnonymousUser", "RU": "test page", "PSS": "", "PAGE": "test page"}
{"DT": "2020-06-11 13:13:52.742586", "USER": "AnonymousUser", "RU": "test page", "PSS": "", "PAGE": "test page"}
{"DT": "2020-06-11 13:14:44.526101", "USER": "AnonymousUser", "RU": "test page", "PSS": "", "PAGE": "test page"}
{"DT": "2020-06-11 13:14:51.074916", "USER": "AnonymousUser", "RU": "test page", "PSS": "", "PAGE": "test page"}
{"DT": "2020-06-11 13:14:56.372727", "USER": "AnonymousUser", "RU": "test page", "PSS": "", "PAGE": "test page"}
{"DT": "2020-06-11 13:15:04.743498", "USER": "AnonymousUser", "RU": "test page", "PSS": "", "PAGE": "test page"}
{"DT": "2020-06-11 13:16:16.091340", "USER": "AnonymousUser", "RU": "test page", "PSS": "", "PAGE": "test page"}
{"DT": "2020-06-11 13:16:22.144858", "USER": "AnonymousUser", "RU": "test page", "PSS": "", "PAGE": "test page"}
{"DT": "2020-06-11 13:16:28.472047", "USER": "AnonymousUser", "RU": "test page", "PSS": "", "PAGE": "test page"}
{"DT": "2020-06-11 13:17:08.406347", "USER": "AnonymousUser", "RU": "test page", "PSS": "", "PAGE": "test page"}
{"DT": "2020-06-11 13:17:27.284288", "USER": "AnonymousUser", "RU": "test page", "PSS": "", "PAGE": "test page"}
{"DT": "2020-06-11 13:17:28.524404", "USER": "AnonymousUser", "RU": "test page", "PSS": "", "PAGE": "test page"}
{"DT": "2020-06-11 13:17:40.173227", "USER": "AnonymousUser", "RU": "test page", "PSS": "", "PAGE": "test page"}
{"DT": "2020-06-11 13:17:48.823131", "USER": "AnonymousUser", "RU": "test page", "PSS": "", "PAGE": "test page"}
{"DT": "2020-06-11 13:17:51.804211", "USER": "AnonymousUser", "RU": "test page", "PSS": "", "PAGE": "test page"}
{"DT": "2020-06-11 13:21:03.908982", "USER": "AnonymousUser", "RU": "test page", "PSS": "", "PAGE": "test page"}
{"DT": "2020-06-11 13:22:20.438897", "USER": "AnonymousUser", "RU": "test page", "PSS": "", "PAGE": "test page"}
{"DT": "2020-06-11 13:22:38.518680", "USER": "AnonymousUser", "RU": "test page", "PSS": "", "PAGE": "test page"}
{"DT": "2020-06-11 13:24:35.910378", "USER": "AnonymousUser", "RU": "test page", "PSS": "", "PAGE": "test page"}
{"DT": "2020-06-11 13:24:55.243041", "USER": "AnonymousUser", "RU": "test page", "PSS": "", "PAGE": "test page"}
{"DT": "2020-06-11 13:25:45.530546", "USER": "AnonymousUser", "RU": "test page", "PSS": "", "PAGE": "test page"}
{"DT": "2020-06-11 13:25:57.578360", "USER": "AnonymousUser", "RU": "test page", "PSS": "", "PAGE": "test page"}
{"DT": "2020-06-11 13:26:06.732014", "USER": "AnonymousUser", "RU": "test page", "PSS": "", "PAGE": "test page"}
{"DT": "2020-06-11 13:27:12.708297", "USER": "AnonymousUser", "RU": "test page", "PSS": "", "PAGE": "test page"}
{"DT": "2020-06-11 13:28:12.141782", "USER": "AnonymousUser", "RU": "test page", "PSS": "", "PAGE": "test page"}
{"DT": "2020-06-11 13:29:35.659942", "USER": "AnonymousUser", "RU": "test page", "PSS": "", "PAGE": "test page"}
{"DT": "2020-06-11 13:30:42.950559", "USER": "AnonymousUser", "RU": "test page", "PSS": "", "PAGE": "test page"}
{"DT": "2020-06-11 13:31:14.008681", "USER": "AnonymousUser", "RU": "test page", "PSS": "", "PAGE": "test page"}
{"DT": "2020-06-11 13:33:38.090418", "USER": "AnonymousUser", "RU": "test page", "PSS": "", "PAGE": "test page"}
{"DT": "2020-06-11 13:36:24.807109", "USER": "AnonymousUser", "RU": "test page", "PSS": "", "PAGE": "test page"}
{"DT": "2020-06-11 13:38:36.556702", "USER": "AnonymousUser", "RU": "test page", "PSS": "", "PAGE": "test page"}
{"DT": "2020-06-11 13:38:44.691083", "USER": "AnonymousUser", "RU": "test page", "PSS": "", "PAGE": "test page"}
{"DT": "2020-06-11 13:39:12.062253", "USER": "AnonymousUser", "RU": "test page", "PSS": "", "PAGE": "test page"}
{"DT": "2020-06-11 13:39:18.814897", "USER": "AnonymousUser", "RU": "test page", "PSS": "", "PAGE": "test page"}
{"DT": "2020-06-11 13:39:20.807802", "USER": "AnonymousUser", "RU": "test page", "PSS": "", "PAGE": "test page"}
{"DT": "2020-06-11 13:39:26.723479", "USER": "AnonymousUser", "RU": "test page", "PSS": "", "PAGE": "test page"}
{"DT": "2020-06-11 13:49:20.714227", "USER": "AnonymousUser", "RU": "test page", "PSS": "", "PAGE": "test page"}
{"DT": "2020-06-19 15:09:33.862346", "USER": "AnonymousUser", "RU": "test page", "PSS": "", "PAGE": "test page"}
{"DT": "2020-06-22 13:47:59.974602", "USER": "AnonymousUser", "RU": "test page", "PSS": "", "PAGE": "test page"}
{"DT": "2020-06-22 13:48:38.772293", "USER": "AnonymousUser", "RU": "test page", "PSS": "", "PAGE": "test page"}
{"DT": "2020-06-22 13:55:12.799788", "USER": "AnonymousUser", "RU": "test page", "PSS": "", "PAGE": "test page"}
{"DT": "2020-06-22 13:55:49.638169", "USER": "AnonymousUser", "RU": "test page", "PSS": "", "PAGE": "test page"}
{"DT": "2020-06-22 13:56:14.936273", "USER": "AnonymousUser", "RU": "test page", "PSS": "", "PAGE": "test page"}
{"DT": "2020-06-22 13:57:10.902166", "USER": "AnonymousUser", "RU": "test page", "PSS": "", "PAGE": "test page"}
{"DT": "2020-06-22 13:57:41.853035", "USER": "AnonymousUser", "RU": "test page", "PSS": "", "PAGE": "test page"}
{"DT": "2020-06-22 14:01:34.717554", "USER": "AnonymousUser", "RU": "test page", "PSS": "", "PAGE": "test page"}
{"DT": "2020-06-22 14:02:15.559430", "USER": "AnonymousUser", "RU": "test page", "PSS": "", "PAGE": "test page"}
{"DT": "2020-06-22 14:02:30.720051", "USER": "AnonymousUser", "RU": "test page", "PSS": "", "PAGE": "test page"}
{"DT": "2020-06-22 14:04:52.668036", "USER": "AnonymousUser", "RU": "test page", "PSS": "", "PAGE": "test page"}
{"DT": "2020-06-22 14:05:29.521497", "USER": "AnonymousUser", "RU": "test page", "PSS": "", "PAGE": "test page"}
{"DT": "2020-06-22 14:08:36.742647", "USER": "AnonymousUser", "RU": "test page", "PSS": "", "PAGE": "test page"}
{"DT": "2020-06-22 14:10:32.143951", "USER": "AnonymousUser", "RU": "test page", "PSS": "", "PAGE": "test page"}
{"DT": "2020-06-22 14:12:13.757856", "USER": "AnonymousUser", "RU": "test page", "PSS": "", "PAGE": "test page"}
{"DT": "2020-06-22 14:12:53.669480", "USER": "AnonymousUser", "RU": "test page", "PSS": "", "PAGE": "test page"}
{"DT": "2020-06-22 14:13:32.101294", "USER": "AnonymousUser", "RU": "test page", "PSS": "", "PAGE": "test page"}
{"DT": "2020-06-22 14:13:33.676447", "USER": "AnonymousUser", "RU": "test page", "PSS": "", "PAGE": "test page"}
{"DT": "2020-06-22 14:14:11.284481", "USER": "AnonymousUser", "RU": "test page", "PSS": "", "PAGE": "test page"}
{"DT": "2020-06-22 14:14:19.185786", "USER": "AnonymousUser", "RU": "test page", "PSS": "", "PAGE": "test page"}
{"DT": "2020-06-22 14:14:41.939795", "USER": "AnonymousUser", "RU": "test page", "PSS": "", "PAGE": "test page"}
{"DT": "2020-06-22 14:16:08.544052", "USER": "AnonymousUser", "RU": "test page", "PSS": "", "PAGE": "test page"}
{"DT": "2020-06-22 14:16:10.058063", "USER": "AnonymousUser", "RU": "test page", "PSS": "", "PAGE": "test page"}
{"DT": "2020-06-22 14:16:54.602355", "USER": "AnonymousUser", "RU": "test page", "PSS": "", "PAGE": "test page"}
{"DT": "2020-06-22 14:16:55.767390", "USER": "AnonymousUser", "RU": "test page", "PSS": "", "PAGE": "test page"}
{"DT": "2020-06-22 14:16:58.645070", "USER": "AnonymousUser", "RU": "test page", "PSS": "", "PAGE": "test page"}
{"DT": "2020-06-22 14:17:24.304671", "USER": "AnonymousUser", "RU": "test page", "PSS": "", "PAGE": "test page"}
{"DT": "2020-06-22 14:18:09.385016", "USER": "AnonymousUser", "RU": "test page", "PSS": "", "PAGE": "test page"}
{"DT": "2020-06-22 14:18:11.013469", "USER": "AnonymousUser", "RU": "test page", "PSS": "", "PAGE": "test page"}
{"DT": "2020-06-22 14:18:55.628618", "USER": "AnonymousUser", "RU": "test page", "PSS": "", "PAGE": "test page"}
{"DT": "2020-06-22 14:19:07.289897", "USER": "AnonymousUser", "RU": "test page", "PSS": "", "PAGE": "test page"}
{"DT": "2020-06-22 14:19:42.578929", "USER": "AnonymousUser", "RU": "test page", "PSS": "", "PAGE": "test page"}
{"DT": "2020-06-22 14:20:11.297724", "USER": "AnonymousUser", "RU": "test page", "PSS": "", "PAGE": "test page"}
{"DT": "2020-06-22 14:22:57.906149", "USER": "AnonymousUser", "RU": "test page", "PSS": "", "PAGE": "test page"}
{"DT": "2020-06-22 14:23:29.323992", "USER": "AnonymousUser", "RU": "test page", "PSS": "", "PAGE": "test page"}
{"DT": "2020-06-22 14:24:08.862397", "USER": "AnonymousUser", "RU": "test page", "PSS": "", "PAGE": "test page"}
{"DT": "2020-06-22 14:24:14.428072", "USER": "AnonymousUser", "RU": "test page", "PSS": "", "PAGE": "test page"}
{"DT": "2020-06-22 14:24:33.128014", "USER": "AnonymousUser", "RU": "test page", "PSS": "", "PAGE": "test page"}
{"DT": "2020-06-22 15:56:51.756055", "USER": "AnonymousUser", "RU": "test page", "PSS": "", "PAGE": "test page"}
{"DT": "2020-06-22 15:58:10.764741", "USER": "AnonymousUser", "RU": "test page", "PSS": "", "PAGE": "test page"}
{"DT": "2020-06-22 15:58:29.138336", "USER": "AnonymousUser", "RU": "test page", "PSS": "", "PAGE": "test page"}
{"DT": "2020-06-22 16:05:57.744353", "USER": "AnonymousUser", "RU": "test page", "PSS": "", "PAGE": "test page"}
{"DT": "2020-06-22 16:10:57.856301", "USER": "AnonymousUser", "RU": "test page", "PSS": "", "PAGE": "test page"}
{"DT": "2020-06-22 16:11:08.921457", "USER": "AnonymousUser", "RU": "test page", "PSS": "", "PAGE": "test page"}
{"DT": "2020-06-22 16:23:53.871707", "USER": "{'id': '306328', 'updatedAt': '2020-06-17T12:55:58', 'username': 'rsmiriglia', 'givenName': 'Roberto', 'familyName': 'Smiriglia', 'displayName': 'Roberto Smiriglia', 'title': None, 'profile': None, 'picture': None, 'emails': [{'value': 'roberto.smiriglia@ibf.cnr.it', 'primary': True, 'verified': True}, {'value': 'roberto.smiriglia@pa.ibf.cnr.it', 'primary': False, 'verified': True}], 'phones': [], 'institutions': [{'name': 'Consiglio Nazionale delle Ricerche', 'department': None, 'postalAddress': None, 'title': None, 'primary': True}], 'ims': []}", "RU": "test page", "PSS": "", "PAGE": "test page"}
{"DT": "2020-06-22 16:23:54.823044", "USER": "{'id': '306328', 'updatedAt': '2020-06-17T12:55:58', 'username': 'rsmiriglia', 'givenName': 'Roberto', 'familyName': 'Smiriglia', 'displayName': 'Roberto Smiriglia', 'title': None, 'profile': None, 'picture': None, 'emails': [{'value': 'roberto.smiriglia@ibf.cnr.it', 'primary': True, 'verified': True}, {'value': 'roberto.smiriglia@pa.ibf.cnr.it', 'primary': False, 'verified': True}], 'phones': [], 'institutions': [{'name': 'Consiglio Nazionale delle Ricerche', 'department': None, 'postalAddress': None, 'title': None, 'primary': True}], 'ims': []}", "RU": "test page", "PSS": "", "PAGE": "test page"}
{"DT": "2020-06-22 16:23:55.811736", "USER": "{'id': '306328', 'updatedAt': '2020-06-17T12:55:58', 'username': 'rsmiriglia', 'givenName': 'Roberto', 'familyName': 'Smiriglia', 'displayName': 'Roberto Smiriglia', 'title': None, 'profile': None, 'picture': None, 'emails': [{'value': 'roberto.smiriglia@ibf.cnr.it', 'primary': True, 'verified': True}, {'value': 'roberto.smiriglia@pa.ibf.cnr.it', 'primary': False, 'verified': True}], 'phones': [], 'institutions': [{'name': 'Consiglio Nazionale delle Ricerche', 'department': None, 'postalAddress': None, 'title': None, 'primary': True}], 'ims': []}", "RU": "test page", "PSS": "", "PAGE": "test page"}
{"DT": "2020-06-22 16:23:56.462589", "USER": "{'id': '306328', 'updatedAt': '2020-06-17T12:55:58', 'username': 'rsmiriglia', 'givenName': 'Roberto', 'familyName': 'Smiriglia', 'displayName': 'Roberto Smiriglia', 'title': None, 'profile': None, 'picture': None, 'emails': [{'value': 'roberto.smiriglia@ibf.cnr.it', 'primary': True, 'verified': True}, {'value': 'roberto.smiriglia@pa.ibf.cnr.it', 'primary': False, 'verified': True}], 'phones': [], 'institutions': [{'name': 'Consiglio Nazionale delle Ricerche', 'department': None, 'postalAddress': None, 'title': None, 'primary': True}], 'ims': []}", "RU": "test page", "PSS": "", "PAGE": "test page"}
{"DT": "2020-06-22 16:23:57.550358", "USER": "{'id': '306328', 'updatedAt': '2020-06-17T12:55:58', 'username': 'rsmiriglia', 'givenName': 'Roberto', 'familyName': 'Smiriglia', 'displayName': 'Roberto Smiriglia', 'title': None, 'profile': None, 'picture': None, 'emails': [{'value': 'roberto.smiriglia@ibf.cnr.it', 'primary': True, 'verified': True}, {'value': 'roberto.smiriglia@pa.ibf.cnr.it', 'primary': False, 'verified': True}], 'phones': [], 'institutions': [{'name': 'Consiglio Nazionale delle Ricerche', 'department': None, 'postalAddress': None, 'title': None, 'primary': True}], 'ims': []}", "RU": "test page", "PSS": "", "PAGE": "test page"}
{"DT": "2020-06-22 16:23:58.470444", "USER": "{'id': '306328', 'updatedAt': '2020-06-17T12:55:58', 'username': 'rsmiriglia', 'givenName': 'Roberto', 'familyName': 'Smiriglia', 'displayName': 'Roberto Smiriglia', 'title': None, 'profile': None, 'picture': None, 'emails': [{'value': 'roberto.smiriglia@ibf.cnr.it', 'primary': True, 'verified': True}, {'value': 'roberto.smiriglia@pa.ibf.cnr.it', 'primary': False, 'verified': True}], 'phones': [], 'institutions': [{'name': 'Consiglio Nazionale delle Ricerche', 'department': None, 'postalAddress': None, 'title': None, 'primary': True}], 'ims': []}", "RU": "test page", "PSS": "", "PAGE": "test page"}
{"DT": "2020-06-22 16:23:59.101117", "USER": "{'id': '306328', 'updatedAt': '2020-06-17T12:55:58', 'username': 'rsmiriglia', 'givenName': 'Roberto', 'familyName': 'Smiriglia', 'displayName': 'Roberto Smiriglia', 'title': None, 'profile': None, 'picture': None, 'emails': [{'value': 'roberto.smiriglia@ibf.cnr.it', 'primary': True, 'verified': True}, {'value': 'roberto.smiriglia@pa.ibf.cnr.it', 'primary': False, 'verified': True}], 'phones': [], 'institutions': [{'name': 'Consiglio Nazionale delle Ricerche', 'department': None, 'postalAddress': None, 'title': None, 'primary': True}], 'ims': []}", "RU": "test page", "PSS": "", "PAGE": "test page"}
{"DT": "2020-06-22 16:24:00.866001", "USER": "{'id': '306328', 'updatedAt': '2020-06-17T12:55:58', 'username': 'rsmiriglia', 'givenName': 'Roberto', 'familyName': 'Smiriglia', 'displayName': 'Roberto Smiriglia', 'title': None, 'profile': None, 'picture': None, 'emails': [{'value': 'roberto.smiriglia@ibf.cnr.it', 'primary': True, 'verified': True}, {'value': 'roberto.smiriglia@pa.ibf.cnr.it', 'primary': False, 'verified': True}], 'phones': [], 'institutions': [{'name': 'Consiglio Nazionale delle Ricerche', 'department': None, 'postalAddress': None, 'title': None, 'primary': True}], 'ims': []}", "RU": "test page", "PSS": "", "PAGE": "test page"}
{"DT": "2020-06-22 16:24:02.086199", "USER": "{'id': '306328', 'updatedAt': '2020-06-17T12:55:58', 'username': 'rsmiriglia', 'givenName': 'Roberto', 'familyName': 'Smiriglia', 'displayName': 'Roberto Smiriglia', 'title': None, 'profile': None, 'picture': None, 'emails': [{'value': 'roberto.smiriglia@ibf.cnr.it', 'primary': True, 'verified': True}, {'value': 'roberto.smiriglia@pa.ibf.cnr.it', 'primary': False, 'verified': True}], 'phones': [], 'institutions': [{'name': 'Consiglio Nazionale delle Ricerche', 'department': None, 'postalAddress': None, 'title': None, 'primary': True}], 'ims': []}", "RU": "test page", "PSS": "", "PAGE": "test page"}
{"DT": "2020-06-22 16:24:02.876622", "USER": "{'id': '306328', 'updatedAt': '2020-06-17T12:55:58', 'username': 'rsmiriglia', 'givenName': 'Roberto', 'familyName': 'Smiriglia', 'displayName': 'Roberto Smiriglia', 'title': None, 'profile': None, 'picture': None, 'emails': [{'value': 'roberto.smiriglia@ibf.cnr.it', 'primary': True, 'verified': True}, {'value': 'roberto.smiriglia@pa.ibf.cnr.it', 'primary': False, 'verified': True}], 'phones': [], 'institutions': [{'name': 'Consiglio Nazionale delle Ricerche', 'department': None, 'postalAddress': None, 'title': None, 'primary': True}], 'ims': []}", "RU": "test page", "PSS": "", "PAGE": "test page"}
{"DT": "2020-06-22 16:24:04.478762", "USER": "{'id': '306328', 'updatedAt': '2020-06-17T12:55:58', 'username': 'rsmiriglia', 'givenName': 'Roberto', 'familyName': 'Smiriglia', 'displayName': 'Roberto Smiriglia', 'title': None, 'profile': None, 'picture': None, 'emails': [{'value': 'roberto.smiriglia@ibf.cnr.it', 'primary': True, 'verified': True}, {'value': 'roberto.smiriglia@pa.ibf.cnr.it', 'primary': False, 'verified': True}], 'phones': [], 'institutions': [{'name': 'Consiglio Nazionale delle Ricerche', 'department': None, 'postalAddress': None, 'title': None, 'primary': True}], 'ims': []}", "RU": "test page", "PSS": "", "PAGE": "test page"}
{"DT": "2020-06-22 16:24:05.690895", "USER": "{'id': '306328', 'updatedAt': '2020-06-17T12:55:58', 'username': 'rsmiriglia', 'givenName': 'Roberto', 'familyName': 'Smiriglia', 'displayName': 'Roberto Smiriglia', 'title': None, 'profile': None, 'picture': None, 'emails': [{'value': 'roberto.smiriglia@ibf.cnr.it', 'primary': True, 'verified': True}, {'value': 'roberto.smiriglia@pa.ibf.cnr.it', 'primary': False, 'verified': True}], 'phones': [], 'institutions': [{'name': 'Consiglio Nazionale delle Ricerche', 'department': None, 'postalAddress': None, 'title': None, 'primary': True}], 'ims': []}", "RU": "test page", "PSS": "", "PAGE": "test page"}
{"DT": "2020-06-22 16:24:06.897347", "USER": "{'id': '306328', 'updatedAt': '2020-06-17T12:55:58', 'username': 'rsmiriglia', 'givenName': 'Roberto', 'familyName': 'Smiriglia', 'displayName': 'Roberto Smiriglia', 'title': None, 'profile': None, 'picture': None, 'emails': [{'value': 'roberto.smiriglia@ibf.cnr.it', 'primary': True, 'verified': True}, {'value': 'roberto.smiriglia@pa.ibf.cnr.it', 'primary': False, 'verified': True}], 'phones': [], 'institutions': [{'name': 'Consiglio Nazionale delle Ricerche', 'department': None, 'postalAddress': None, 'title': None, 'primary': True}], 'ims': []}", "RU": "test page", "PSS": "", "PAGE": "test page"}
{"DT": "2020-06-22 16:24:17.330801", "USER": "{'id': '306328', 'updatedAt': '2020-06-17T12:55:58', 'username': 'rsmiriglia', 'givenName': 'Roberto', 'familyName': 'Smiriglia', 'displayName': 'Roberto Smiriglia', 'title': None, 'profile': None, 'picture': None, 'emails': [{'value': 'roberto.smiriglia@ibf.cnr.it', 'primary': True, 'verified': True}, {'value': 'roberto.smiriglia@pa.ibf.cnr.it', 'primary': False, 'verified': True}], 'phones': [], 'institutions': [{'name': 'Consiglio Nazionale delle Ricerche', 'department': None, 'postalAddress': None, 'title': None, 'primary': True}], 'ims': []}", "RU": "test page", "PSS": "", "PAGE": "test page"}
{"DT": "2020-06-22 16:24:50.553646", "USER": "AnonymousUser", "RU": "test page", "PSS": "", "PAGE": "test page"}
{"DT": "2020-06-26 09:44:29.664755", "USER": "AnonymousUser", "RU": "test page", "PSS": "", "PAGE": "test page"}
{"DT": "2020-06-26 09:55:24.201075", "USER": "AnonymousUser", "RU": "test page", "PSS": "", "PAGE": "test page"}
{"DT": "2020-06-26 10:00:25.966782", "USER": "AnonymousUser", "RU": "test page", "PSS": "", "PAGE": "test page"}
{"DT": "2020-06-26 10:00:51.954567", "USER": "AnonymousUser", "RU": "test page", "PSS": "", "PAGE": "test page"}
{"DT": "2020-06-26 10:01:43.150979", "USER": "AnonymousUser", "RU": "test page", "PSS": "", "PAGE": "test page"}
{"DT": "2020-06-26 10:06:41.645432", "USER": "AnonymousUser", "RU": "test page", "PSS": "", "PAGE": "test page"}
{"DT": "2020-06-26 10:07:25.587968", "USER": "AnonymousUser", "RU": "test page", "PSS": "", "PAGE": "test page"}
{"DT": "2020-06-26 10:43:50.320358", "USER": "AnonymousUser", "RU": "test page", "PSS": "", "PAGE": "test page"}
{"DT": "2020-06-26 15:57:45.776903", "USER": "AnonymousUser", "RU": "test page", "PSS": "", "PAGE": "test page"}
{"DT": "2020-06-26 16:02:05.162181", "USER": "AnonymousUser", "RU": "test page", "PSS": "", "PAGE": "test page"}
{"DT": "2020-06-26 16:04:33.145916", "USER": "AnonymousUser", "RU": "test page", "PSS": "", "PAGE": "test page"}
{"DT": "2020-06-29 14:50:23.270667", "USER": "rsmiriglia", "RU": "test page", "PSS": "", "PAGE": "test page"}
{"DT": "2020-06-29 14:51:07.394993", "USER": "rsmiriglia", "RU": "test page", "PSS": "", "PAGE": "test page"}
{"DT": "2020-06-29 15:14:46.086182", "USER": "rsmiriglia", "RU": "test page", "PSS": "", "PAGE": "test page"}
{"DT": "2020-07-01 14:33:24.220430", "USER": "rsmiriglia", "RU": "test page", "PSS": "", "PAGE": "test page"}
{"DT": "2020-07-01 14:34:00.146575", "USER": "rsmiriglia", "RU": "test page", "PSS": "", "PAGE": "test page"}
{"DT": "2020-07-01 14:36:08.341132", "USER": "rsmiriglia", "RU": "test page", "PSS": "", "PAGE": "test page"}
{"DT": "2020-07-01 14:37:46.814981", "USER": "rsmiriglia", "RU": "test page", "PSS": "", "PAGE": "test page"}
{"DT": "2020-07-01 14:51:21.960855", "USER": "rsmiriglia", "RU": "test page", "PSS": "", "PAGE": "test page"}
{"DT": "2020-07-06 10:11:58.034938", "USER": "rsmiriglia", "RU": "test page", "PSS": "", "PAGE": "test page"}
{"DT": "2020-07-06 10:17:45.562293", "USER": "rsmiriglia", "RU": "test page", "PSS": "", "PAGE": "test page"}
{"DT": "2020-07-06 10:53:08.066419", "USER": "rsmiriglia", "RU": "test page", "PSS": "", "PAGE": "test page"}
{"DT": "2020-07-06 10:54:30.029267", "USER": "rsmiriglia", "RU": "test page", "PSS": "", "PAGE": "test page"}
{"DT": "2020-07-06 11:21:27.849957", "USER": "rsmiriglia", "RU": "test page", "PSS": "", "PAGE": "test page"}
{"DT": "2020-07-06 14:47:31.619285", "USER": "rsmiriglia", "RU": "test page", "PSS": "", "PAGE": "test page"}
{"DT": "2020-07-24 10:25:31.162160", "USER": "AnonymousUser", "RU": "test page", "PSS": "", "PAGE": "test page"}
{"DT": "2020-07-24 10:26:34.387734", "USER": "AnonymousUser", "RU": "test page", "PSS": "", "PAGE": "test page"}
{"DT": "2020-07-24 10:29:23.486302", "USER": "AnonymousUser", "RU": "test page", "PSS": "", "PAGE": "test page"}
{"DT": "2020-07-24 10:29:27.285607", "USER": "AnonymousUser", "RU": "test page", "PSS": "", "PAGE": "test page"}
user rsmirigliatest has accepted terms and conditions at this time 20200724102927
user 000001 has accepted terms and conditions at this time 20200724102927
{"DT": "2020-07-24 10:30:51.416139", "USER": "AnonymousUser", "RU": "test page", "PSS": "", "PAGE": "test page"}
{"DT": "2020-07-24 10:30:55.884291", "USER": "AnonymousUser", "RU": "test page", "PSS": "", "PAGE": "test page"}
user rsmirigliatest has accepted terms and conditions at this time 20200724103055
user 000001 has accepted terms and conditions at this time 20200724103055
{"DT": "2020-07-24 13:57:29.037028", "USER": "AnonymousUser", "RU": "test page", "PSS": "", "PAGE": "test page"}
{"DT": "2020-07-24 13:57:32.763541", "USER": "AnonymousUser", "RU": "test page", "PSS": "", "PAGE": "test page"}
user rsmirigliatest has accepted terms and conditions at this time 20200724135732
user 000001 has accepted terms and conditions at this time 20200724135732
{"DT": "2020-07-24 13:59:13.412572", "USER": "AnonymousUser", "RU": "test page", "PSS": "", "PAGE": "test page"}
{"DT": "2020-07-24 13:59:16.992880", "USER": "AnonymousUser", "RU": "test page", "PSS": "", "PAGE": "test page"}
user rsmirigliatest has accepted terms and conditions at this time 20200724135916
user 000001 has accepted terms and conditions at this time 20200724135916
{"DT": "2020-07-24 14:00:34.398550", "USER": "AnonymousUser", "RU": "test page", "PSS": "", "PAGE": "test page"}
{"DT": "2020-07-24 14:00:35.992372", "USER": "AnonymousUser", "RU": "test page", "PSS": "", "PAGE": "test page"}
user rsmirigliatest has accepted terms and conditions at this time 20200724140035
user 000001 has accepted terms and conditions at this time 20200724140035
{"DT": "2020-07-24 14:01:31.815449", "USER": "AnonymousUser", "RU": "test page", "PSS": "{\"mus-musculus____striatum____dorsal-striatum____principal-cell____unknown____yj150915_c6_msn_d1____yj150915_c6_msn_d1_idthresh_ch1_608\":{\"stim\":[\"0.30\"]},\"mus-musculus____striatum____dorsal-striatum____principal-cell____unknown____yj150915_c6_msn_d1____yj150915_c6_msn_d1_iv_ch1_567\":{\"stim\":[\"-0.05\"]},\"mus-musculus____striatum____dorsal-striatum____principal-cell____unknown____yj150915_c6_msn_d1____yj150915_c6_msn_d1_iv_ch1_561\":{\"stim\":[\"-0.37\"]},\"mus-musculus____striatum____dorsal-striatum____principal-cell____unknown____yj150915_c6_msn_d1____yj150915_c6_msn_d1_idthresh_ch1_603\":{\"stim\":[\"0.26\"]},\"mus-musculus____striatum____dorsal-striatum____principal-cell____unknown____yj150915_c6_msn_d1____yj150915_c6_msn_d1_iv_ch1_572\":{\"stim\":[\"0.21\"]},\"mus-musculus____striatum____dorsal-striatum____principal-cell____unknown____yj150915_c7_msn_d2____yj150915_c7_msn_d2_iv_ch3_540\":{\"stim\":[\"0.10\"]},\"mus-musculus____striatum____dorsal-striatum____principal-cell____unknown____yj150915_c7_msn_d2____yj150915_c7_msn_d2_idthresh_ch3_608\":{\"stim\":[\"0.15\"]},\"mus-musculus____striatum____dorsal-striatum____principal-cell____unknown____yj150915_c7_msn_d2____yj150915_c7_msn_d2_iv_ch3_535\":{\"stim\":[\"-0.03\"]},\"mus-musculus____striatum____dorsal-striatum____principal-cell____unknown____yj150915_c7_msn_d2____yj150915_c7_msn_d2_idthresh_ch3_602\":{\"stim\":[\"0.12\"]},\"mus-musculus____striatum____dorsal-striatum____principal-cell____unknown____yj150915_c7_msn_d2____yj150915_c7_msn_d2_iv_ch3_529\":{\"stim\":[\"-0.18\"]}}", "PAGE": "test page"}
{"DT": "2020-07-24 14:03:00.004820", "USER": "AnonymousUser", "RU": "test page", "PSS": "", "PAGE": "test page"}
{"DT": "2020-07-24 14:03:01.646079", "USER": "AnonymousUser", "RU": "test page", "PSS": "", "PAGE": "test page"}
user rsmirigliatest has accepted terms and conditions at this time 20200724140301
user 000001 has accepted terms and conditions at this time 20200724140301
{"DT": "2020-07-24 14:03:41.933981", "USER": "AnonymousUser", "RU": "test page", "PSS": "{\"human____cortex____945-um-below-pia____pyramidal-cell____unknown____2013_03_13cel06____2013_03_13cel06_0015_15khz_004\":{\"stim\":[\"600.00\"]},\"human____cortex____945-um-below-pia____pyramidal-cell____unknown____2013_03_13cel06____2013_03_13cel06_0015_15khz_003\":{\"stim\":[\"600.00\"]},\"human____cortex____945-um-below-pia____pyramidal-cell____unknown____2013_03_13cel06____2013_03_13cel06_0015_15khz_000\":{\"stim\":[\"600.00\"]},\"human____cortex____945-um-below-pia____pyramidal-cell____unknown____2013_03_13cel06____2013_03_13cel06_0015_15khz_001\":{\"stim\":[\"600.00\"]},\"human____cortex____945-um-below-pia____pyramidal-cell____unknown____2013_03_13cel06____2013_03_13cel06_0015_15khz_002\":{\"stim\":[\"600.00\"]}}", "PAGE": "test page"}
{"DT": "2020-07-24 14:05:00.795723", "USER": "AnonymousUser", "RU": "test page", "PSS": "", "PAGE": "test page"}
{"DT": "2020-07-24 14:05:02.647390", "USER": "AnonymousUser", "RU": "test page", "PSS": "", "PAGE": "test page"}
user rsmirigliatest has accepted terms and conditions at this time 20200724140502
user 000001 has accepted terms and conditions at this time 20200724140502
{"DT": "2020-07-24 14:05:28.853308", "USER": "AnonymousUser", "RU": "test page", "PSS": "{\"mus-musculus____visp5____primary-visual-area--layer-5____unknown____unknown____565778331____565778331\":{\"stim\":[\"0.05\"]},\"mus-musculus____visp5____primary-visual-area--layer-5____unknown____unknown____566991946____566991946\":{\"stim\":[\"-0.07\",\"-0.05\",\"-0.01\",\"0.03\",\"0.01\",\"0.07\",\"-0.09\",\"0.09\",\"0.13\",\"0.05\"]},\"mus-musculus____visp5____primary-visual-area--layer-5____unknown____unknown____569469018____569469018\":{\"stim\":[\"-0.07\",\"0.09\",\"-0.01\",\"0.03\",\"0.01\",\"0.07\",\"0.04\",\"0.05\",\"0.13\",\"-0.09\"]}}", "PAGE": "test page"}
{"DT": "2020-07-24 14:10:11.994268", "USER": "AnonymousUser", "RU": "test page", "PSS": "", "PAGE": "test page"}
{"DT": "2020-07-24 14:10:13.581376", "USER": "AnonymousUser", "RU": "test page", "PSS": "", "PAGE": "test page"}
user rsmirigliatest has accepted terms and conditions at this time 20200724141013
user 000001 has accepted terms and conditions at this time 20200724141013
{"DT": "2020-07-24 14:10:31.510487", "USER": "AnonymousUser", "RU": "test page", "PSS": "{\"human____cortex____675-um-below-pia____pyramidal-cell____unknown____2013_03_13cel05____2013_03_20cel03_0015_15khz_003\":{\"stim\":[\"500.00\"]},\"human____cortex____675-um-below-pia____pyramidal-cell____unknown____2013_03_13cel05____2013_03_20cel03_0015_15khz_002\":{\"stim\":[\"500.00\"]},\"human____cortex____675-um-below-pia____pyramidal-cell____unknown____2013_03_13cel05____2013_03_20cel03_0015_15khz_000\":{\"stim\":[\"500.00\"]},\"human____cortex____675-um-below-pia____pyramidal-cell____unknown____2013_03_13cel05____2013_03_20cel03_0015_15khz_004\":{\"stim\":[\"500.00\"]},\"human____cortex____675-um-below-pia____pyramidal-cell____unknown____2013_03_13cel05____2013_03_20cel03_0015_15khz_001\":{\"stim\":[\"500.00\"]}}", "PAGE": "test page"}
{"DT": "2020-07-24 14:15:17.889683", "USER": "AnonymousUser", "RU": "test page", "PSS": "", "PAGE": "test page"}
{"DT": "2020-07-24 14:15:20.098479", "USER": "AnonymousUser", "RU": "test page", "PSS": "", "PAGE": "test page"}
user rsmirigliatest has accepted terms and conditions at this time 20200724141520
user 000001 has accepted terms and conditions at this time 20200724141520
{"DT": "2020-07-24 14:15:38.774624", "USER": "AnonymousUser", "RU": "test page", "PSS": "{\"human____cortex____675-um-below-pia____pyramidal-cell____unknown____2013_03_13cel05____2013_03_20cel03_0015_15khz_003\":{\"stim\":[\"500.00\"]},\"human____cortex____675-um-below-pia____pyramidal-cell____unknown____2013_03_13cel05____2013_03_20cel03_0015_15khz_002\":{\"stim\":[\"500.00\"]},\"human____cortex____675-um-below-pia____pyramidal-cell____unknown____2013_03_13cel05____2013_03_20cel03_0015_15khz_000\":{\"stim\":[\"500.00\"]},\"human____cortex____675-um-below-pia____pyramidal-cell____unknown____2013_03_13cel05____2013_03_20cel03_0015_15khz_004\":{\"stim\":[\"500.00\"]},\"human____cortex____675-um-below-pia____pyramidal-cell____unknown____2013_03_13cel05____2013_03_20cel03_0015_15khz_001\":{\"stim\":[\"500.00\"]}}", "PAGE": "test page"}
{"DT": "2020-07-24 14:20:03.188405", "USER": "AnonymousUser", "RU": "test page", "PSS": "", "PAGE": "test page"}
{"DT": "2020-07-24 14:20:04.395965", "USER": "AnonymousUser", "RU": "test page", "PSS": "", "PAGE": "test page"}
user rsmirigliatest has accepted terms and conditions at this time 20200724142004
user 000001 has accepted terms and conditions at this time 20200724142004
{"DT": "2020-07-24 14:20:20.194078", "USER": "AnonymousUser", "RU": "test page", "PSS": "{\"human____cortex____945-um-below-pia____pyramidal-cell____unknown____2013_03_13cel06____2013_03_13cel06_0015_15khz_004\":{\"stim\":[\"600.00\"]},\"human____cortex____945-um-below-pia____pyramidal-cell____unknown____2013_03_13cel06____2013_03_13cel06_0015_15khz_003\":{\"stim\":[\"600.00\"]},\"human____cortex____945-um-below-pia____pyramidal-cell____unknown____2013_03_13cel06____2013_03_13cel06_0015_15khz_000\":{\"stim\":[\"600.00\"]},\"human____cortex____945-um-below-pia____pyramidal-cell____unknown____2013_03_13cel06____2013_03_13cel06_0015_15khz_001\":{\"stim\":[\"600.00\"]},\"human____cortex____945-um-below-pia____pyramidal-cell____unknown____2013_03_13cel06____2013_03_13cel06_0015_15khz_002\":{\"stim\":[\"600.00\"]}}", "PAGE": "test page"}
{"DT": "2020-07-24 14:21:47.562864", "USER": "AnonymousUser", "RU": "test page", "PSS": "", "PAGE": "test page"}
{"DT": "2020-07-24 14:21:49.577854", "USER": "AnonymousUser", "RU": "test page", "PSS": "", "PAGE": "test page"}
user rsmirigliatest has accepted terms and conditions at this time 20200724142149
user 000001 has accepted terms and conditions at this time 20200724142149
{"DT": "2020-07-24 14:22:07.275130", "USER": "AnonymousUser", "RU": "test page", "PSS": "{\"human____cortex____945-um-below-pia____pyramidal-cell____unknown____2013_03_13cel06____2013_03_13cel06_0015_15khz_004\":{\"stim\":[\"600.00\"]},\"human____cortex____945-um-below-pia____pyramidal-cell____unknown____2013_03_13cel06____2013_03_13cel06_0015_15khz_003\":{\"stim\":[\"600.00\"]},\"human____cortex____945-um-below-pia____pyramidal-cell____unknown____2013_03_13cel06____2013_03_13cel06_0015_15khz_000\":{\"stim\":[\"600.00\"]},\"human____cortex____945-um-below-pia____pyramidal-cell____unknown____2013_03_13cel06____2013_03_13cel06_0015_15khz_001\":{\"stim\":[\"600.00\"]},\"human____cortex____945-um-below-pia____pyramidal-cell____unknown____2013_03_13cel06____2013_03_13cel06_0015_15khz_002\":{\"stim\":[\"600.00\"]}}", "PAGE": "test page"}
{"DT": "2020-07-24 14:24:15.525584", "USER": "AnonymousUser", "RU": "test page", "PSS": "", "PAGE": "test page"}
{"DT": "2020-07-24 14:24:17.076567", "USER": "AnonymousUser", "RU": "test page", "PSS": "", "PAGE": "test page"}
user rsmirigliatest has accepted terms and conditions at this time 20200724142417
user 000001 has accepted terms and conditions at this time 20200724142417
{"DT": "2020-07-24 14:24:43.921550", "USER": "AnonymousUser", "RU": "test page", "PSS": "{\"mus-musculus____cerebellum____unknown____granule-cell____unknown____unknown____2902011\":{\"stim\":[\"12.00\",\"8.00\",\"14.00\",\"4.00\",\"6.00\",\"-2.00\",\"-4.00\",\"2.00\",\"0.00\",\"10.00\"]}}", "PAGE": "test page"}
{"DT": "2020-07-24 14:26:45.759366", "USER": "AnonymousUser", "RU": "test page", "PSS": "", "PAGE": "test page"}
{"DT": "2020-07-24 14:26:47.119811", "USER": "AnonymousUser", "RU": "test page", "PSS": "", "PAGE": "test page"}
user rsmirigliatest has accepted terms and conditions at this time 20200724142647
user 000001 has accepted terms and conditions at this time 20200724142647
{"DT": "2020-07-24 14:27:07.258855", "USER": "AnonymousUser", "RU": "test page", "PSS": "{\"human____cortex____876-um-below-pia____pyramidal-cell____unknown____2013_03_06cel08____2013_03_06cel08_0025_14khz_000\":{\"stim\":[\"700.00\"]},\"human____cortex____876-um-below-pia____pyramidal-cell____unknown____2013_03_06cel08____2013_03_06cel08_0025_14khz_002\":{\"stim\":[\"700.00\"]},\"human____cortex____876-um-below-pia____pyramidal-cell____unknown____2013_03_06cel08____2013_03_06cel08_0025_14khz_003\":{\"stim\":[\"700.00\"]},\"human____cortex____876-um-below-pia____pyramidal-cell____unknown____2013_03_06cel08____2013_03_06cel08_0025_14khz_001\":{\"stim\":[\"700.00\"]},\"human____cortex____876-um-below-pia____pyramidal-cell____unknown____2013_03_06cel08____2013_03_06cel08_0025_14khz_004\":{\"stim\":[\"700.00\"]}}", "PAGE": "test page"}
{"DT": "2020-07-24 14:27:55.713845", "USER": "AnonymousUser", "RU": "test page", "PSS": "", "PAGE": "test page"}
{"DT": "2020-07-24 14:27:58.095602", "USER": "AnonymousUser", "RU": "test page", "PSS": "", "PAGE": "test page"}
user rsmirigliatest has accepted terms and conditions at this time 20200724142758
user 000001 has accepted terms and conditions at this time 20200724142758
{"DT": "2020-07-24 14:28:13.503132", "USER": "AnonymousUser", "RU": "test page", "PSS": "{\"human____cortex____945-um-below-pia____pyramidal-cell____unknown____2013_03_13cel06____2013_03_13cel06_0015_15khz_004\":{\"stim\":[\"600.00\"]},\"human____cortex____945-um-below-pia____pyramidal-cell____unknown____2013_03_13cel06____2013_03_13cel06_0015_15khz_003\":{\"stim\":[\"600.00\"]},\"human____cortex____945-um-below-pia____pyramidal-cell____unknown____2013_03_13cel06____2013_03_13cel06_0015_15khz_000\":{\"stim\":[\"600.00\"]},\"human____cortex____945-um-below-pia____pyramidal-cell____unknown____2013_03_13cel06____2013_03_13cel06_0015_15khz_001\":{\"stim\":[\"600.00\"]},\"human____cortex____945-um-below-pia____pyramidal-cell____unknown____2013_03_13cel06____2013_03_13cel06_0015_15khz_002\":{\"stim\":[\"600.00\"]}}", "PAGE": "test page"}
{"DT": "2020-07-24 14:29:56.977638", "USER": "AnonymousUser", "RU": "test page", "PSS": "", "PAGE": "test page"}
{"DT": "2020-07-24 14:29:58.543226", "USER": "AnonymousUser", "RU": "test page", "PSS": "", "PAGE": "test page"}
user rsmirigliatest has accepted terms and conditions at this time 20200724142958
user 000001 has accepted terms and conditions at this time 20200724142958
{"DT": "2020-07-24 14:30:13.575464", "USER": "AnonymousUser", "RU": "test page", "PSS": "{\"human____cortex____945-um-below-pia____pyramidal-cell____unknown____2013_03_13cel06____2013_03_13cel06_0015_15khz_004\":{\"stim\":[\"600.00\"]},\"human____cortex____945-um-below-pia____pyramidal-cell____unknown____2013_03_13cel06____2013_03_13cel06_0015_15khz_003\":{\"stim\":[\"600.00\"]},\"human____cortex____945-um-below-pia____pyramidal-cell____unknown____2013_03_13cel06____2013_03_13cel06_0015_15khz_000\":{\"stim\":[\"600.00\"]},\"human____cortex____945-um-below-pia____pyramidal-cell____unknown____2013_03_13cel06____2013_03_13cel06_0015_15khz_001\":{\"stim\":[\"600.00\"]},\"human____cortex____945-um-below-pia____pyramidal-cell____unknown____2013_03_13cel06____2013_03_13cel06_0015_15khz_002\":{\"stim\":[\"600.00\"]}}", "PAGE": "test page"}
{"DT": "2020-07-24 14:31:05.273604", "USER": "AnonymousUser", "RU": "test page", "PSS": "", "PAGE": "test page"}
{"DT": "2020-07-24 14:31:06.846666", "USER": "AnonymousUser", "RU": "test page", "PSS": "", "PAGE": "test page"}
user rsmirigliatest has accepted terms and conditions at this time 20200724143106
user 000001 has accepted terms and conditions at this time 20200724143106
{"DT": "2020-07-24 14:31:23.635686", "USER": "AnonymousUser", "RU": "test page", "PSS": "{\"human____cortex____675-um-below-pia____pyramidal-cell____unknown____2013_03_13cel05____2013_03_20cel03_0015_15khz_003\":{\"stim\":[\"500.00\"]},\"human____cortex____675-um-below-pia____pyramidal-cell____unknown____2013_03_13cel05____2013_03_20cel03_0015_15khz_002\":{\"stim\":[\"500.00\"]},\"human____cortex____675-um-below-pia____pyramidal-cell____unknown____2013_03_13cel05____2013_03_20cel03_0015_15khz_000\":{\"stim\":[\"500.00\"]},\"human____cortex____675-um-below-pia____pyramidal-cell____unknown____2013_03_13cel05____2013_03_20cel03_0015_15khz_004\":{\"stim\":[\"500.00\"]},\"human____cortex____675-um-below-pia____pyramidal-cell____unknown____2013_03_13cel05____2013_03_20cel03_0015_15khz_001\":{\"stim\":[\"500.00\"]}}", "PAGE": "test page"}
{"DT": "2020-07-24 14:32:30.121137", "USER": "AnonymousUser", "RU": "test page", "PSS": "", "PAGE": "test page"}
{"DT": "2020-07-24 14:32:31.947982", "USER": "AnonymousUser", "RU": "test page", "PSS": "", "PAGE": "test page"}
user rsmirigliatest has accepted terms and conditions at this time 20200724143231
user 000001 has accepted terms and conditions at this time 20200724143231
{"DT": "2020-07-24 14:33:02.817190", "USER": "AnonymousUser", "RU": "test page", "PSS": "{\"human____cortex____675-um-below-pia____pyramidal-cell____unknown____2013_03_13cel05____2013_03_20cel03_0015_15khz_003\":{\"stim\":[\"500.00\"]},\"human____cortex____675-um-below-pia____pyramidal-cell____unknown____2013_03_13cel05____2013_03_20cel03_0015_15khz_002\":{\"stim\":[\"500.00\"]},\"human____cortex____675-um-below-pia____pyramidal-cell____unknown____2013_03_13cel05____2013_03_20cel03_0015_15khz_000\":{\"stim\":[\"500.00\"]},\"human____cortex____675-um-below-pia____pyramidal-cell____unknown____2013_03_13cel05____2013_03_20cel03_0015_15khz_004\":{\"stim\":[\"500.00\"]},\"human____cortex____675-um-below-pia____pyramidal-cell____unknown____2013_03_13cel05____2013_03_20cel03_0015_15khz_001\":{\"stim\":[\"500.00\"]}}", "PAGE": "test page"}
{"DT": "2020-07-24 14:33:54.787636", "USER": "AnonymousUser", "RU": "test page", "PSS": "", "PAGE": "test page"}
{"DT": "2020-07-24 14:33:55.973269", "USER": "AnonymousUser", "RU": "test page", "PSS": "", "PAGE": "test page"}
user rsmirigliatest has accepted terms and conditions at this time 20200724143355
user 000001 has accepted terms and conditions at this time 20200724143355
{"DT": "2020-07-24 14:34:35.073858", "USER": "AnonymousUser", "RU": "test page", "PSS": "{\"mus-musculus____cerebellum____unknown____granule-cell____unknown____unknown____2002005\":{\"stim\":[\"24.00\"]},\"mus-musculus____cerebellum____unknown____granule-cell____unknown____unknown____3001004\":{\"stim\":[\"-8.00\"]},\"mus-musculus____cerebellum____unknown____granule-cell____unknown____unknown____1912012\":{\"stim\":[\"4.00\"]},\"mus-musculus____cerebellum____unknown____granule-cell____unknown____unknown____1912009\":{\"stim\":[\"32.00\",\"-4.00\"]},\"mus-musculus____cerebellum____unknown____granule-cell____unknown____unknown____3001003\":{\"stim\":[\"20.00\"]}}", "PAGE": "test page"}
{"DT": "2020-07-24 14:35:13.432094", "USER": "AnonymousUser", "RU": "test page", "PSS": "", "PAGE": "test page"}
{"DT": "2020-07-24 14:35:14.574632", "USER": "AnonymousUser", "RU": "test page", "PSS": "", "PAGE": "test page"}
user rsmirigliatest has accepted terms and conditions at this time 20200724143514
user 000001 has accepted terms and conditions at this time 20200724143514
{"DT": "2020-07-24 14:35:46.569611", "USER": "AnonymousUser", "RU": "test page", "PSS": "{\"rattus-norvegicus____hippocampus____ca1____interneuron____cac____970509hp2____97509008\":{\"stim\":[\"1.00\",\"-1.00\",\"0.80\",\"-1.20\"]},\"rattus-norvegicus____hippocampus____ca1____interneuron____cac____970509hp2____97509009\":{\"stim\":[\"-1.60\",\"0.20\",\"0.40\",\"0.00\"]},\"rattus-norvegicus____hippocampus____ca1____interneuron____cac____970509hp2____97509010\":{\"stim\":[\"-0.40\",\"-0.60\"]},\"rattus-norvegicus____hippocampus____ca1____interneuron____cac____970509hp2____97509011\":{\"stim\":[\"-2.00\"]}}", "PAGE": "test page"}
{"DT": "2020-07-24 14:38:51.685280", "USER": "AnonymousUser", "RU": "test page", "PSS": "", "PAGE": "test page"}
{"DT": "2020-07-24 14:38:52.895048", "USER": "AnonymousUser", "RU": "test page", "PSS": "", "PAGE": "test page"}
user rsmirigliatest has accepted terms and conditions at this time 20200724143852
user 000001 has accepted terms and conditions at this time 20200724143852
{"DT": "2020-07-24 14:39:10.412942", "USER": "AnonymousUser", "RU": "test page", "PSS": "{\"human____cortex____945-um-below-pia____pyramidal-cell____unknown____2013_03_13cel06____2013_03_13cel06_0015_15khz_004\":{\"stim\":[\"600.00\"]},\"human____cortex____945-um-below-pia____pyramidal-cell____unknown____2013_03_13cel06____2013_03_13cel06_0015_15khz_003\":{\"stim\":[\"600.00\"]},\"human____cortex____945-um-below-pia____pyramidal-cell____unknown____2013_03_13cel06____2013_03_13cel06_0015_15khz_000\":{\"stim\":[\"600.00\"]},\"human____cortex____945-um-below-pia____pyramidal-cell____unknown____2013_03_13cel06____2013_03_13cel06_0015_15khz_001\":{\"stim\":[\"600.00\"]},\"human____cortex____945-um-below-pia____pyramidal-cell____unknown____2013_03_13cel06____2013_03_13cel06_0015_15khz_002\":{\"stim\":[\"600.00\"]}}", "PAGE": "test page"}
{"DT": "2020-07-24 14:42:13.589758", "USER": "AnonymousUser", "RU": "test page", "PSS": "", "PAGE": "test page"}
{"DT": "2020-07-24 14:42:14.778578", "USER": "AnonymousUser", "RU": "test page", "PSS": "", "PAGE": "test page"}
user rsmirigliatest has accepted terms and conditions at this time 20200724144214
user 000001 has accepted terms and conditions at this time 20200724144214
{"DT": "2020-07-24 14:42:34.958967", "USER": "AnonymousUser", "RU": "test page", "PSS": "{\"human____cortex____945-um-below-pia____pyramidal-cell____unknown____2013_03_13cel06____2013_03_13cel06_0015_15khz_004\":{\"stim\":[\"600.00\"]},\"human____cortex____945-um-below-pia____pyramidal-cell____unknown____2013_03_13cel06____2013_03_13cel06_0015_15khz_003\":{\"stim\":[\"600.00\"]},\"human____cortex____945-um-below-pia____pyramidal-cell____unknown____2013_03_13cel06____2013_03_13cel06_0015_15khz_000\":{\"stim\":[\"600.00\"]},\"human____cortex____945-um-below-pia____pyramidal-cell____unknown____2013_03_13cel06____2013_03_13cel06_0015_15khz_001\":{\"stim\":[\"600.00\"]},\"human____cortex____945-um-below-pia____pyramidal-cell____unknown____2013_03_13cel06____2013_03_13cel06_0015_15khz_002\":{\"stim\":[\"600.00\"]}}", "PAGE": "test page"}
{"DT": "2020-07-24 14:42:50.973443", "USER": "AnonymousUser", "RU": "test page", "PSS": "", "PAGE": "test page"}
{"DT": "2020-07-24 14:42:52.094581", "USER": "AnonymousUser", "RU": "test page", "PSS": "", "PAGE": "test page"}
user rsmirigliatest has accepted terms and conditions at this time 20200724144252
user 000001 has accepted terms and conditions at this time 20200724144252
{"DT": "2020-07-24 14:43:08.172829", "USER": "AnonymousUser", "RU": "test page", "PSS": "{\"human____cortex____945-um-below-pia____pyramidal-cell____unknown____2013_03_13cel06____2013_03_13cel06_0015_15khz_004\":{\"stim\":[\"600.00\"]},\"human____cortex____945-um-below-pia____pyramidal-cell____unknown____2013_03_13cel06____2013_03_13cel06_0015_15khz_003\":{\"stim\":[\"600.00\"]},\"human____cortex____945-um-below-pia____pyramidal-cell____unknown____2013_03_13cel06____2013_03_13cel06_0015_15khz_000\":{\"stim\":[\"600.00\"]},\"human____cortex____945-um-below-pia____pyramidal-cell____unknown____2013_03_13cel06____2013_03_13cel06_0015_15khz_001\":{\"stim\":[\"600.00\"]},\"human____cortex____945-um-below-pia____pyramidal-cell____unknown____2013_03_13cel06____2013_03_13cel06_0015_15khz_002\":{\"stim\":[\"600.00\"]}}", "PAGE": "test page"}
{"DT": "2020-07-24 14:44:21.167054", "USER": "AnonymousUser", "RU": "test page", "PSS": "", "PAGE": "test page"}
{"DT": "2020-07-24 14:44:22.497137", "USER": "AnonymousUser", "RU": "test page", "PSS": "", "PAGE": "test page"}
user rsmirigliatest has accepted terms and conditions at this time 20200724144422
user 000001 has accepted terms and conditions at this time 20200724144422
{"DT": "2020-07-24 14:44:42.492869", "USER": "AnonymousUser", "RU": "test page", "PSS": "", "PAGE": "test page"}
user rsmirigliatest has accepted terms and conditions at this time 20200724144442
user 000001 has accepted terms and conditions at this time 20200724144442
{"DT": "2020-07-24 14:45:12.724831", "USER": "AnonymousUser", "RU": "test page", "PSS": "{\"human____cortex____675-um-below-pia____pyramidal-cell____unknown____2013_03_13cel05____2013_03_20cel03_0015_15khz_003\":{\"stim\":[\"500.00\"]},\"human____cortex____675-um-below-pia____pyramidal-cell____unknown____2013_03_13cel05____2013_03_20cel03_0015_15khz_002\":{\"stim\":[\"500.00\"]},\"human____cortex____675-um-below-pia____pyramidal-cell____unknown____2013_03_13cel05____2013_03_20cel03_0015_15khz_000\":{\"stim\":[\"500.00\"]},\"human____cortex____675-um-below-pia____pyramidal-cell____unknown____2013_03_13cel05____2013_03_20cel03_0015_15khz_004\":{\"stim\":[\"500.00\"]},\"human____cortex____675-um-below-pia____pyramidal-cell____unknown____2013_03_13cel05____2013_03_20cel03_0015_15khz_001\":{\"stim\":[\"500.00\"]}}", "PAGE": "test page"}
{"DT": "2020-07-24 14:46:32.656547", "USER": "AnonymousUser", "RU": "test page", "PSS": "", "PAGE": "test page"}
{"DT": "2020-07-24 14:46:34.611952", "USER": "AnonymousUser", "RU": "test page", "PSS": "", "PAGE": "test page"}
user rsmirigliatest has accepted terms and conditions at this time 20200724144634
user 000001 has accepted terms and conditions at this time 20200724144634
{"DT": "2020-07-24 14:46:53.258412", "USER": "AnonymousUser", "RU": "test page", "PSS": "{\"human____cortex____876-um-below-pia____pyramidal-cell____unknown____2013_03_06cel08____2013_03_06cel08_0025_14khz_000\":{\"stim\":[\"700.00\"]},\"human____cortex____876-um-below-pia____pyramidal-cell____unknown____2013_03_06cel08____2013_03_06cel08_0025_14khz_002\":{\"stim\":[\"700.00\"]},\"human____cortex____876-um-below-pia____pyramidal-cell____unknown____2013_03_06cel08____2013_03_06cel08_0025_14khz_003\":{\"stim\":[\"700.00\"]},\"human____cortex____876-um-below-pia____pyramidal-cell____unknown____2013_03_06cel08____2013_03_06cel08_0025_14khz_001\":{\"stim\":[\"700.00\"]},\"human____cortex____876-um-below-pia____pyramidal-cell____unknown____2013_03_06cel08____2013_03_06cel08_0025_14khz_004\":{\"stim\":[\"700.00\"]}}", "PAGE": "test page"}
{"DT": "2020-07-24 14:50:51.059530", "USER": "AnonymousUser", "RU": "test page", "PSS": "", "PAGE": "test page"}
{"DT": "2020-07-24 14:50:53.159407", "USER": "AnonymousUser", "RU": "test page", "PSS": "", "PAGE": "test page"}
user rsmirigliatest has accepted terms and conditions at this time 20200724145053
user 000001 has accepted terms and conditions at this time 20200724145053
{"DT": "2020-07-24 14:51:08.858277", "USER": "AnonymousUser", "RU": "test page", "PSS": "{\"human____cortex____945-um-below-pia____pyramidal-cell____unknown____2013_03_13cel06____2013_03_13cel06_0015_15khz_004\":{\"stim\":[\"600.00\"]},\"human____cortex____945-um-below-pia____pyramidal-cell____unknown____2013_03_13cel06____2013_03_13cel06_0015_15khz_003\":{\"stim\":[\"600.00\"]},\"human____cortex____945-um-below-pia____pyramidal-cell____unknown____2013_03_13cel06____2013_03_13cel06_0015_15khz_000\":{\"stim\":[\"600.00\"]},\"human____cortex____945-um-below-pia____pyramidal-cell____unknown____2013_03_13cel06____2013_03_13cel06_0015_15khz_001\":{\"stim\":[\"600.00\"]},\"human____cortex____945-um-below-pia____pyramidal-cell____unknown____2013_03_13cel06____2013_03_13cel06_0015_15khz_002\":{\"stim\":[\"600.00\"]}}", "PAGE": "test page"}
{"DT": "2020-07-24 14:52:05.808986", "USER": "AnonymousUser", "RU": "test page", "PSS": "", "PAGE": "test page"}
{"DT": "2020-07-24 14:52:07.981446", "USER": "AnonymousUser", "RU": "test page", "PSS": "", "PAGE": "test page"}
user rsmirigliatest has accepted terms and conditions at this time 20200724145207
user 000001 has accepted terms and conditions at this time 20200724145207
{"DT": "2020-07-24 14:52:26.783980", "USER": "AnonymousUser", "RU": "test page", "PSS": "{\"human____cortex____945-um-below-pia____pyramidal-cell____unknown____2013_03_13cel06____2013_03_13cel06_0015_15khz_004\":{\"stim\":[\"600.00\"]},\"human____cortex____945-um-below-pia____pyramidal-cell____unknown____2013_03_13cel06____2013_03_13cel06_0015_15khz_003\":{\"stim\":[\"600.00\"]},\"human____cortex____945-um-below-pia____pyramidal-cell____unknown____2013_03_13cel06____2013_03_13cel06_0015_15khz_000\":{\"stim\":[\"600.00\"]},\"human____cortex____945-um-below-pia____pyramidal-cell____unknown____2013_03_13cel06____2013_03_13cel06_0015_15khz_001\":{\"stim\":[\"600.00\"]},\"human____cortex____945-um-below-pia____pyramidal-cell____unknown____2013_03_13cel06____2013_03_13cel06_0015_15khz_002\":{\"stim\":[\"600.00\"]}}", "PAGE": "test page"}
{"DT": "2020-07-24 14:53:21.372057", "USER": "AnonymousUser", "RU": "test page", "PSS": "", "PAGE": "test page"}
{"DT": "2020-07-30 09:05:16.462038", "USER": "AnonymousUser", "RU": "test page", "PSS": "", "PAGE": "test page"}
{"DT": "2020-07-30 09:06:01.101851", "USER": "AnonymousUser", "RU": "test page", "PSS": "", "PAGE": "test page"}
user rsmirigliatest has accepted terms and conditions at this time 20200730090601
user 000001 has accepted terms and conditions at this time 20200730090601
{"DT": "2020-07-30 09:06:42.203366", "USER": "AnonymousUser", "RU": "test page", "PSS": "{\"human____cortex____675-um-below-pia____pyramidal-cell____unknown____2013_03_13cel05____2013_03_20cel03_0015_15khz_003\":{\"stim\":[\"500.00\"]},\"human____cortex____675-um-below-pia____pyramidal-cell____unknown____2013_03_13cel05____2013_03_20cel03_0015_15khz_002\":{\"stim\":[\"500.00\"]},\"human____cortex____675-um-below-pia____pyramidal-cell____unknown____2013_03_13cel05____2013_03_20cel03_0015_15khz_000\":{\"stim\":[\"500.00\"]},\"human____cortex____675-um-below-pia____pyramidal-cell____unknown____2013_03_13cel05____2013_03_20cel03_0015_15khz_004\":{\"stim\":[\"500.00\"]},\"human____cortex____675-um-below-pia____pyramidal-cell____unknown____2013_03_13cel05____2013_03_20cel03_0015_15khz_001\":{\"stim\":[\"500.00\"]}}", "PAGE": "test page"}
{"DT": "2020-07-30 09:09:32.285655", "USER": "AnonymousUser", "RU": "test page", "PSS": "", "PAGE": "test page"}
{"DT": "2020-07-30 09:09:33.970890", "USER": "AnonymousUser", "RU": "test page", "PSS": "", "PAGE": "test page"}
user rsmirigliatest has accepted terms and conditions at this time 20200730090933
user 000001 has accepted terms and conditions at this time 20200730090933
{"DT": "2020-07-30 09:10:35.939168", "USER": "AnonymousUser", "RU": "test page", "PSS": "{\"rattus-norvegicus____hippocampus____ca1____interneuron____cac____970509hp2____97509008\":{\"stim\":[\"1.00\",\"0.80\"]},\"rattus-norvegicus____hippocampus____ca1____interneuron____cac____970509hp2____97509009\":{\"stim\":[\"1.00\",\"0.80\"]},\"rattus-norvegicus____hippocampus____ca1____interneuron____cac____970509hp2____97509010\":{\"stim\":[\"1.00\",\"0.80\"]},\"rattus-norvegicus____hippocampus____ca1____interneuron____cac____970509hp2____97509011\":{\"stim\":[\"1.00\",\"0.80\"]}}", "PAGE": "test page"}
{"DT": "2020-07-30 09:19:30.855031", "USER": "AnonymousUser", "RU": "test page", "PSS": "", "PAGE": "test page"}
{"DT": "2020-07-30 09:19:32.576568", "USER": "AnonymousUser", "RU": "test page", "PSS": "", "PAGE": "test page"}
user rsmirigliatest has accepted terms and conditions at this time 20200730091932
user 000001 has accepted terms and conditions at this time 20200730091932
{"DT": "2020-07-30 09:19:56.008326", "USER": "AnonymousUser", "RU": "test page", "PSS": "", "PAGE": "test page"}
{"DT": "2020-07-30 09:19:57.509115", "USER": "AnonymousUser", "RU": "test page", "PSS": "", "PAGE": "test page"}
user rsmirigliatest has accepted terms and conditions at this time 20200730091957
user 000001 has accepted terms and conditions at this time 20200730091957
{"DT": "2020-07-30 09:20:22.345510", "USER": "AnonymousUser", "RU": "test page", "PSS": "{\"rattus-norvegicus____hippocampus____ca1____interneuron____cac____970509hp2____97509008\":{\"stim\":[\"1.00\",\"0.80\"]},\"rattus-norvegicus____hippocampus____ca1____interneuron____cac____970509hp2____97509009\":{\"stim\":[\"1.00\",\"0.80\"]},\"rattus-norvegicus____hippocampus____ca1____interneuron____cac____970509hp2____97509010\":{\"stim\":[\"1.00\",\"0.80\"]},\"rattus-norvegicus____hippocampus____ca1____interneuron____cac____970509hp2____97509011\":{\"stim\":[\"1.00\",\"0.80\"]}}", "PAGE": "test page"}
{"DT": "2020-07-30 09:21:03.933729", "USER": "AnonymousUser", "RU": "test page", "PSS": "", "PAGE": "test page"}
{"DT": "2020-07-30 09:21:57.745566", "USER": "AnonymousUser", "RU": "test page", "PSS": "", "PAGE": "test page"}
{"DT": "2020-07-30 09:21:59.227323", "USER": "AnonymousUser", "RU": "test page", "PSS": "", "PAGE": "test page"}
user rsmirigliatest has accepted terms and conditions at this time 20200730092159
user 000001 has accepted terms and conditions at this time 20200730092159
{"DT": "2020-07-30 09:22:26.926112", "USER": "AnonymousUser", "RU": "test page", "PSS": "{\"rattus-norvegicus____hippocampus____ca1____interneuron____cac____970509hp2____97509008\":{\"stim\":[\"1.00\",\"0.80\"]},\"rattus-norvegicus____hippocampus____ca1____interneuron____cac____970509hp2____97509009\":{\"stim\":[\"1.00\",\"0.80\"]},\"rattus-norvegicus____hippocampus____ca1____interneuron____cac____970509hp2____97509010\":{\"stim\":[\"1.00\",\"0.80\"]},\"rattus-norvegicus____hippocampus____ca1____interneuron____cac____970509hp2____97509011\":{\"stim\":[\"1.00\",\"0.80\"]}}", "PAGE": "test page"}
{"DT": "2020-07-30 09:24:04.848412", "USER": "AnonymousUser", "RU": "test page", "PSS": "", "PAGE": "test page"}
{"DT": "2020-07-30 09:24:06.199501", "USER": "AnonymousUser", "RU": "test page", "PSS": "", "PAGE": "test page"}
user rsmirigliatest has accepted terms and conditions at this time 20200730092406
user 000001 has accepted terms and conditions at this time 20200730092406
{"DT": "2020-07-30 09:24:31.033566", "USER": "AnonymousUser", "RU": "test page", "PSS": "{\"rattus-norvegicus____hippocampus____ca1____interneuron____cac____970509hp2____97509008\":{\"stim\":[\"1.00\",\"0.80\"]},\"rattus-norvegicus____hippocampus____ca1____interneuron____cac____970509hp2____97509009\":{\"stim\":[\"1.00\",\"0.80\"]},\"rattus-norvegicus____hippocampus____ca1____interneuron____cac____970509hp2____97509010\":{\"stim\":[\"1.00\",\"0.80\"]},\"rattus-norvegicus____hippocampus____ca1____interneuron____cac____970509hp2____97509011\":{\"stim\":[\"1.00\",\"0.80\"]}}", "PAGE": "test page"}
{"DT": "2020-07-30 09:27:38.378431", "USER": "AnonymousUser", "RU": "test page", "PSS": "", "PAGE": "test page"}
{"DT": "2020-07-30 09:27:40.784274", "USER": "AnonymousUser", "RU": "test page", "PSS": "", "PAGE": "test page"}
user rsmirigliatest has accepted terms and conditions at this time 20200730092740
user 000001 has accepted terms and conditions at this time 20200730092740
{"DT": "2020-07-30 09:28:08.647018", "USER": "AnonymousUser", "RU": "test page", "PSS": "{\"rattus-norvegicus____hippocampus____ca1____interneuron____cac____970509hp2____97509008\":{\"stim\":[\"1.00\",\"0.80\"]},\"rattus-norvegicus____hippocampus____ca1____interneuron____cac____970509hp2____97509009\":{\"stim\":[\"1.00\",\"0.80\"]},\"rattus-norvegicus____hippocampus____ca1____interneuron____cac____970509hp2____97509010\":{\"stim\":[\"1.00\",\"0.80\"]},\"rattus-norvegicus____hippocampus____ca1____interneuron____cac____970509hp2____97509011\":{\"stim\":[\"1.00\",\"0.80\"]}}", "PAGE": "test page"}
{"DT": "2020-07-30 09:30:11.525035", "USER": "AnonymousUser", "RU": "test page", "PSS": "", "PAGE": "test page"}
{"DT": "2020-07-30 09:30:12.964230", "USER": "AnonymousUser", "RU": "test page", "PSS": "", "PAGE": "test page"}
user rsmirigliatest has accepted terms and conditions at this time 20200730093012
user 000001 has accepted terms and conditions at this time 20200730093012
{"DT": "2020-07-30 09:30:45.912170", "USER": "AnonymousUser", "RU": "test page", "PSS": "{\"rattus-norvegicus____hippocampus____ca1____interneuron____cac____970509hp2____97509008\":{\"stim\":[\"1.00\",\"0.80\"]},\"rattus-norvegicus____hippocampus____ca1____interneuron____cac____970509hp2____97509009\":{\"stim\":[\"1.00\",\"0.80\"]},\"rattus-norvegicus____hippocampus____ca1____interneuron____cac____970509hp2____97509010\":{\"stim\":[\"1.00\",\"0.80\"]},\"rattus-norvegicus____hippocampus____ca1____interneuron____cac____970509hp2____97509011\":{\"stim\":[\"1.00\",\"0.80\"]}}", "PAGE": "test page"}
{"DT": "2020-07-30 10:07:49.727225", "USER": "AnonymousUser", "RU": "test page", "PSS": "", "PAGE": "test page"}
{"DT": "2020-07-30 10:07:51.160540", "USER": "AnonymousUser", "RU": "test page", "PSS": "", "PAGE": "test page"}
user rsmirigliatest has accepted terms and conditions at this time 20200730100751
user 000001 has accepted terms and conditions at this time 20200730100751
{"DT": "2020-07-30 10:08:12.258072", "USER": "AnonymousUser", "RU": "test page", "PSS": "", "PAGE": "test page"}
{"DT": "2020-07-30 10:08:13.836546", "USER": "AnonymousUser", "RU": "test page", "PSS": "", "PAGE": "test page"}
user rsmirigliatest has accepted terms and conditions at this time 20200730100813
user 000001 has accepted terms and conditions at this time 20200730100813
